<?xml version="1.0" encoding="UTF-8"?>
<!-- Generated by org.testng.reporters.JUnitReportReporter -->
<testsuite hostname="EN1210886" failures="0" tests="1" name="stream1" time="0.006" errors="0" timestamp="2023-03-10T11:54:48 EET" skipped="0">
  <testcase classname="stream1" name="streamMap" time="0.006"/>
  <system-out/>
</testsuite> <!-- stream1 -->
